  btDiscreteDynamicsWorld.cpp
  btRigidBody.cpp
  btSimpleDynamicsWorld.cpp
  btConeTwistConstraint.cpp
  btContactConstraint.cpp
  btFixedConstraint.cpp
  btGearConstraint.cpp
  btGeneric6DofConstraint.cpp
c:\users\druhin\downloads\compressed\bullet3-2.83.7\bullet3-2.83.7\src\bulletdynamics\constraintsolver\btContactConstraint.h(25): warning C4359: 'btContactConstraint': Alignment specifier is less than actual alignment (128), and will be ignored. (compiling source file ..\..\src\BulletDynamics\ConstraintSolver\btContactConstraint.cpp)
..\..\src\BulletDynamics\ConstraintSolver\btConeTwistConstraint.cpp(868): warning C4244: '=': conversion from 'double' to 'btScalar', possible loss of data
..\..\src\BulletDynamics\ConstraintSolver\btConeTwistConstraint.cpp(913): warning C4244: '=': conversion from 'double' to 'float', possible loss of data
..\..\src\BulletDynamics\ConstraintSolver\btConeTwistConstraint.cpp(973): warning C4244: '=': conversion from 'double' to 'btScalar', possible loss of data
..\..\src\BulletDynamics\ConstraintSolver\btConeTwistConstraint.cpp(975): warning C4244: '=': conversion from 'double' to 'btScalar', possible loss of data
C:\Users\Druhin\Downloads\Compressed\bullet3-2.83.7\bullet3-2.83.7\src\BulletDynamics/ConstraintSolver/btContactConstraint.h(25): warning C4359: 'btContactConstraint': Alignment specifier is less than actual alignment (128), and will be ignored. (compiling source file ..\..\src\BulletDynamics\Dynamics\btDiscreteDynamicsWorld.cpp)
  btGeneric6DofSpring2Constraint.cpp
  btGeneric6DofSpringConstraint.cpp
  btHinge2Constraint.cpp
  btHingeConstraint.cpp
  btNNCGConstraintSolver.cpp
  btPoint2PointConstraint.cpp
  btSequentialImpulseConstraintSolver.cpp
  btSliderConstraint.cpp
..\..\src\BulletDynamics\ConstraintSolver\btGeneric6DofSpring2Constraint.cpp(786): warning C4244: 'initializing': conversion from 'double' to 'btScalar', possible loss of data
  btSolve2LinearConstraint.cpp
  btTypedConstraint.cpp
  btUniversalConstraint.cpp
  btMultiBody.cpp
  btMultiBodyConstraint.cpp
  btMultiBodyConstraintSolver.cpp
  btMultiBodyDynamicsWorld.cpp
  btMultiBodyJointLimitConstraint.cpp
  btMultiBodyJointMotor.cpp
  btMultiBodyPoint2Point.cpp
  btDantzigLCP.cpp
  btLemkeAlgorithm.cpp
  btMLCPSolver.cpp
..\..\src\BulletDynamics\MLCPSolvers\btDantzigLCP.cpp(1568): warning C4473: 'printf' : not enough arguments passed for format string
  ..\..\src\BulletDynamics\MLCPSolvers\btDantzigLCP.cpp(1568): note: placeholders and their parameters expect 2 variadic arguments, but 1 were provided
  ..\..\src\BulletDynamics\MLCPSolvers\btDantzigLCP.cpp(1568): note: the missing variadic argument 2 is required by format string '% s'
..\..\src\BulletDynamics\Featherstone\btMultiBodyJointLimitConstraint.cpp(114): warning C4244: 'initializing': conversion from 'int' to 'btScalar', possible loss of data
  btRaycastVehicle.cpp
  btWheelInfo.cpp
  btKinematicCharacterController.cpp
C:\Users\Druhin\Downloads\Compressed\bullet3-2.83.7\bullet3-2.83.7\src\BulletDynamics/ConstraintSolver/btContactConstraint.h(25): warning C4359: 'btContactConstraint': Alignment specifier is less than actual alignment (128), and will be ignored. (compiling source file ..\..\src\BulletDynamics\Vehicle\btRaycastVehicle.cpp)
  BulletDynamics.vcxproj -> C:\Users\Druhin\Downloads\Compressed\bullet3-2.83.7\bullet3-2.83.7\build3\vs2010\..\..\bin\BulletDynamics_vs2010_debug.lib
